#-----------------------------------------------------------
# Vivado v2018.1 (64-bit)
# SW Build 2188600 on Wed Apr  4 18:40:38 MDT 2018
# IP Build 2185939 on Wed Apr  4 20:55:05 MDT 2018
# Start of session at: Sun Jun 24 12:48:46 2018
# Process ID: 9116
# Current directory: C:/Users/gplovesy/Desktop/cpu/cpu_final
# Command line: vivado.exe -gui_launcher_event rodinguilauncherevent5020 C:\Users\gplovesy\Desktop\cpu\cpu_final\cpu_final.xpr
# Log file: C:/Users/gplovesy/Desktop/cpu/cpu_final/vivado.log
# Journal file: C:/Users/gplovesy/Desktop/cpu/cpu_final\vivado.jou
#-----------------------------------------------------------
start_gui
open_project C:/Users/gplovesy/Desktop/cpu/cpu_final/cpu_final.xpr
Scanning sources...
Finished scanning sources
INFO: [IP_Flow 19-234] Refreshing IP repositories
INFO: [IP_Flow 19-1704] No user IP repositories specified
INFO: [IP_Flow 19-2313] Loaded Vivado IP repository 'D:/Xilinx/Vivado/2018.1/data/ip'.
open_project: Time (s): cpu = 00:00:20 ; elapsed = 00:00:12 . Memory (MB): peak = 865.594 ; gain = 159.379
update_compile_order -fileset sources_1
exit
INFO: [Common 17-206] Exiting Vivado at Sun Jun 24 12:49:32 2018...
